<?xml version="1.0" encoding="UTF-8"?>
<!-- Generated by org.testng.reporters.JUnitReportReporter -->
<testsuite hostname="com1634" name="com.yahoo.ycsb.TestByteIterator" tests="1" failures="0" timestamp="23 Jun 2015 18:33:26 GMT" time="0.005" errors="0">
  <testcase name="testRandomByteIterator" time="0.005" classname="com.yahoo.ycsb.TestByteIterator"/>
</testsuite>
