<?xml version="1.0" encoding="UTF-8"?>
<!-- Generated by org.testng.reporters.JUnitReportReporter -->
<testsuite hostname="brazil" name="com.yahoo.ycsb.measurements.exporter.TestMeasurementsExporter" tests="1" failures="0" timestamp="24 Jun 2015 14:25:47 GMT" time="0.210" errors="0">
  <testcase name="testJSONArrayMeasurementsExporter" time="0.210" classname="com.yahoo.ycsb.measurements.exporter.TestMeasurementsExporter"/>
</testsuite>
