<?xml version="1.0" encoding="UTF-8"?>
<!-- Generated by org.testng.reporters.JUnitReportReporter -->
<testsuite hostname="com1634" name="com.yahoo.ycsb.generator.TestZipfianGenerator" tests="1" failures="0" timestamp="23 Jun 2015 19:58:40 GMT" time="0.009" errors="0">
  <testcase name="testMinAndMaxParameter" time="0.009" classname="com.yahoo.ycsb.generator.TestZipfianGenerator"/>
</testsuite>
