<?xml version="1.0" encoding="UTF-8"?>
<!-- Generated by org.testng.reporters.JUnitReportReporter -->
<testsuite hostname="brazil" name="com.yahoo.ycsb.generator.TestZipfianGenerator" tests="1" failures="0" timestamp="24 Jun 2015 14:25:47 GMT" time="0.019" errors="0">
  <testcase name="testMinAndMaxParameter" time="0.019" classname="com.yahoo.ycsb.generator.TestZipfianGenerator"/>
</testsuite>
