<?xml version="1.0" encoding="UTF-8"?>
<!-- Generated by org.testng.reporters.JUnitReportReporter -->
<testsuite hostname="com1634" name="com.yahoo.ycsb.measurements.exporter.TestMeasurementsExporter" tests="1" failures="0" timestamp="23 Jun 2015 19:58:40 GMT" time="0.151" errors="0">
  <testcase name="testJSONArrayMeasurementsExporter" time="0.151" classname="com.yahoo.ycsb.measurements.exporter.TestMeasurementsExporter"/>
</testsuite>
